==41192== Memcheck, a memory error detector
==41192== Copyright (C) 2002-2022, and GNU GPL'd, by Julian Seward et al.
==41192== Using Valgrind-3.22.0 and LibVEX; rerun with -h for copyright info
==41192== Command: ./cub3d map/valid/1.cub
==41192== Parent PID: 33581
==41192== 
==41192== Syscall param writev(vector[0]) points to uninitialised byte(s)
==41192==    at 0x4BD1894: writev (writev.c:26)
==41192==    by 0x4CC8ACA: ??? (in /usr/lib/x86_64-linux-gnu/libxcb.so.1.1.0)
==41192==    by 0x4CC8C4E: ??? (in /usr/lib/x86_64-linux-gnu/libxcb.so.1.1.0)
==41192==    by 0x4CC9D7E: xcb_writev (in /usr/lib/x86_64-linux-gnu/libxcb.so.1.1.0)
==41192==    by 0x48C30B8: _XSend (in /usr/lib/x86_64-linux-gnu/libX11.so.6.4.0)
==41192==    by 0x48C8148: _XReadEvents (in /usr/lib/x86_64-linux-gnu/libX11.so.6.4.0)
==41192==    by 0x48C852B: XWindowEvent (in /usr/lib/x86_64-linux-gnu/libX11.so.6.4.0)
==41192==    by 0x11F345: mlx_int_wait_first_expose (in /home/nkief/Documents/42/Cub3D/ON_The_wrock/work/cub3d)
==41192==    by 0x11F075: mlx_new_window (in /home/nkief/Documents/42/Cub3D/ON_The_wrock/work/cub3d)
==41192==    by 0x113D20: init_mlx (game_init.c:24)
==41192==    by 0x113D83: window_init (game_init.c:63)
==41192==    by 0x114971: start_game (launcher.c:34)
==41192==  Address 0x4d4341c is 28 bytes inside a block of size 16,384 alloc'd
==41192==    at 0x484D953: calloc (in /usr/libexec/valgrind/vgpreload_memcheck-amd64-linux.so)
==41192==    by 0x48B242D: XOpenDisplay (in /usr/lib/x86_64-linux-gnu/libX11.so.6.4.0)
==41192==    by 0x11EE26: mlx_init (in /home/nkief/Documents/42/Cub3D/ON_The_wrock/work/cub3d)
==41192==    by 0x113CC6: init_mlx (game_init.c:17)
==41192==    by 0x113D83: window_init (game_init.c:63)
==41192==    by 0x114971: start_game (launcher.c:34)
==41192==    by 0x10FB9B: main (main.c:49)
==41192==  Uninitialised value was created by a stack allocation
==41192==    at 0x11F250: mlx_int_anti_resize_win (in /home/nkief/Documents/42/Cub3D/ON_The_wrock/work/cub3d)
==41192== 
==41192== 
==41192== HEAP SUMMARY:
==41192==     in use at exit: 12,324 bytes in 3 blocks
==41192==   total heap usage: 2,500 allocs, 2,497 frees, 1,160,533 bytes allocated
==41192== 
==41192== 224 (88 direct, 136 indirect) bytes in 1 blocks are definitely lost in loss record 2 of 3
==41192==    at 0x484D953: calloc (in /usr/libexec/valgrind/vgpreload_memcheck-amd64-linux.so)
==41192==    by 0x11F49B: mlx_int_new_xshm_image (in /home/nkief/Documents/42/Cub3D/ON_The_wrock/work/cub3d)
==41192==    by 0x11F7E0: mlx_new_image (in /home/nkief/Documents/42/Cub3D/ON_The_wrock/work/cub3d)
==41192==    by 0x1200B9: mlx_int_parse_xpm (in /home/nkief/Documents/42/Cub3D/ON_The_wrock/work/cub3d)
==41192==    by 0x1204D3: mlx_xpm_file_to_image (in /home/nkief/Documents/42/Cub3D/ON_The_wrock/work/cub3d)
==41192==    by 0x118F32: textur_load (textures.c:13)
==41192==    by 0x119445: init_textures (textures.c:135)
==41192==    by 0x113D8F: window_init (game_init.c:65)
==41192==    by 0x114971: start_game (launcher.c:34)
==41192==    by 0x10FB9B: main (main.c:49)
==41192== 
==41192== LEAK SUMMARY:
==41192==    definitely lost: 88 bytes in 1 blocks
==41192==    indirectly lost: 136 bytes in 1 blocks
==41192==      possibly lost: 0 bytes in 0 blocks
==41192==    still reachable: 12,100 bytes in 1 blocks
==41192==         suppressed: 0 bytes in 0 blocks
==41192== Reachable blocks (those to which a pointer was found) are not shown.
==41192== To see them, rerun with: --leak-check=full --show-leak-kinds=all
==41192== 
==41192== For lists of detected and suppressed errors, rerun with: -s
==41192== ERROR SUMMARY: 3 errors from 2 contexts (suppressed: 0 from 0)
